==================== 2026-07-13T20:06:59.467245Z | 019f5d17-0c80-7920-b72e-cecbe862dca8 ====================
20:06:59.469670 [info ]: Installing dbt project and profile setup
20:06:59.476188 [info ]: Info Created .vscode/extensions.json with dbt extension recommendation
20:06:59.477206 [info ]: Success Project created successfully!
20:06:59.477364 [info ]: Info Project name: jaffle_shop
20:06:59.477380 [info ]: Info Project directory: jaffle_shop
20:06:59.477406 [info ]: Info Setting up your profile...
20:06:59.478666 [info ]: Info Creating new profile...
20:07:15.206558 [info ]: No dbt_cloud.yml found - proceeding without cloud pre-population
[0m01:51:12.248897 [debug] [MainThread]: Sending event: {'category': 'dbt', 'action': 'invocation', 'label': 'start', 'context': [<snowplow_tracker.self_describing_json.SelfDescribingJson object at 0x107226180>, <snowplow_tracker.self_describing_json.SelfDescribingJson object at 0x1082f7800>, <snowplow_tracker.self_describing_json.SelfDescribingJson object at 0x1082f7590>]}


============================== 01:51:12.276079 | 25af8d6a-440c-4eb3-a71f-27d8c1858bbc ==============================
[0m01:51:12.276079 [info ] [MainThread]: Running with dbt=1.11.12
[0m01:51:12.276493 [debug] [MainThread]: running dbt with arguments {'use_colors': 'True', 'log_format': 'default', 'profiles_dir': '/Users/kulasekaran/.dbt', 'log_cache_events': 'False', 'log_path': 'logs', 'debug': 'False', 'warn_error_options': 'WarnErrorOptionsV2(error=[], warn=[], silence=[])', 'write_json': 'True', 'introspect': 'True', 'indirect_selection': 'eager', 'quiet': 'False', 'no_print': 'None', 'printer_width': '80', 'version_check': 'True', 'partial_parse': 'True', 'cache_selected_only': 'False', 'target_path': 'None', 'use_experimental_parser': 'False', 'empty': 'None', 'static_parser': 'True', 'warn_error': 'None', 'fail_fast': 'False', 'send_anonymous_usage_stats': 'True', 'invocation_command': 'dbt init'}
[0m01:51:27.283891 [debug] [MainThread]: Starter project path: /Users/kulasekaran/Desktop/Krish_Learn/DBT/.venv/lib/python3.12/site-packages/dbt/include/starter_project
[0m01:51:27.292438 [info ] [MainThread]: 
Your new dbt project "dbt_learning" was created!

For more information on how to configure the profiles.yml file,
please consult the dbt documentation here:

  https://docs.getdbt.com/docs/configure-your-profile

One more thing:

Need help? Don't hesitate to reach out to us via GitHub issues or on Slack:

  https://community.getdbt.com/

Happy modeling!

[0m01:51:27.293021 [info ] [MainThread]: Setting up your profile.
[0m01:51:32.507188 [debug] [MainThread]: Spark adapter: Setting pyhive.hive logging to ERROR
[0m01:51:32.507598 [debug] [MainThread]: Spark adapter: Setting thrift.transport logging to ERROR
[0m01:51:32.507793 [debug] [MainThread]: Spark adapter: Setting thrift.protocol logging to ERROR
[0m01:53:55.901505 [info ] [MainThread]: Profile dbt_learning written to /Users/kulasekaran/.dbt/profiles.yml using target's profile_template.yml and your supplied values. Run 'dbt debug' to validate the connection.
[0m01:53:55.946548 [debug] [MainThread]: Resource report: {"command_name": "init", "command_success": true, "command_wall_clock_time": 163.75514, "process_in_blocks": "0", "process_kernel_time": 1.052187, "process_mem_max_rss": "337543168", "process_out_blocks": "0", "process_user_time": 4.985728}
[0m01:53:55.949031 [debug] [MainThread]: Command `dbt init` succeeded at 01:53:55.948861 after 163.76 seconds
[0m01:53:55.949938 [debug] [MainThread]: Sending event: {'category': 'dbt', 'action': 'invocation', 'label': 'end', 'context': [<snowplow_tracker.self_describing_json.SelfDescribingJson object at 0x12e8a6360>, <snowplow_tracker.self_describing_json.SelfDescribingJson object at 0x12e8a60c0>, <snowplow_tracker.self_describing_json.SelfDescribingJson object at 0x105e350a0>]}
[0m01:53:55.950606 [debug] [MainThread]: Flushing usage events
[0m01:53:56.957821 [debug] [MainThread]: An error was encountered while trying to flush usage events
[0m01:54:23.826138 [debug] [MainThread]: Sending event: {'category': 'dbt', 'action': 'invocation', 'label': 'start', 'context': [<snowplow_tracker.self_describing_json.SelfDescribingJson object at 0x106c352e0>, <snowplow_tracker.self_describing_json.SelfDescribingJson object at 0x107967680>, <snowplow_tracker.self_describing_json.SelfDescribingJson object at 0x1079673e0>]}


============================== 01:54:23.830064 | 298613d1-1e73-4fb8-91a8-987f4dbda7f7 ==============================
[0m01:54:23.830064 [info ] [MainThread]: Running with dbt=1.11.12
[0m01:54:23.830513 [debug] [MainThread]: running dbt with arguments {'send_anonymous_usage_stats': 'True', 'static_parser': 'True', 'invocation_command': 'dbt debug', 'cache_selected_only': 'False', 'printer_width': '80', 'use_colors': 'True', 'log_format': 'default', 'target_path': 'None', 'warn_error_options': 'WarnErrorOptionsV2(error=[], warn=[], silence=[])', 'write_json': 'True', 'empty': 'None', 'indirect_selection': 'eager', 'partial_parse': 'True', 'version_check': 'True', 'quiet': 'False', 'no_print': 'None', 'fail_fast': 'False', 'use_experimental_parser': 'False', 'log_cache_events': 'False', 'warn_error': 'None', 'introspect': 'True', 'log_path': 'logs', 'profiles_dir': '/Users/kulasekaran/.dbt', 'debug': 'False'}
[0m01:54:23.846018 [info ] [MainThread]: dbt version: 1.11.12
[0m01:54:23.846292 [info ] [MainThread]: python version: 3.12.10
[0m01:54:23.846456 [info ] [MainThread]: python path: /Users/kulasekaran/Desktop/Krish_Learn/DBT/.venv/bin/python3
[0m01:54:23.846600 [info ] [MainThread]: os info: macOS-26.5.1-arm64-arm-64bit
[0m01:54:24.539564 [debug] [MainThread]: Spark adapter: Setting pyhive.hive logging to ERROR
[0m01:54:24.539995 [debug] [MainThread]: Spark adapter: Setting thrift.transport logging to ERROR
[0m01:54:24.540186 [debug] [MainThread]: Spark adapter: Setting thrift.protocol logging to ERROR
[0m01:54:25.412716 [info ] [MainThread]: Using profiles dir at /Users/kulasekaran/.dbt
[0m01:54:25.413082 [info ] [MainThread]: Using profiles.yml file at /Users/kulasekaran/.dbt/profiles.yml
[0m01:54:25.413261 [info ] [MainThread]: Using dbt_project.yml file at /Users/kulasekaran/Desktop/Krish_Learn/DBT/dbt_project.yml
[0m01:54:25.413467 [error] [MainThread]: Encountered an error:
Internal Error
  Profile should not be None if loading profile completed
[0m01:54:25.417750 [debug] [MainThread]: Resource report: {"command_name": "debug", "command_success": false, "command_wall_clock_time": 1.6795986, "process_in_blocks": "0", "process_kernel_time": 0.412783, "process_mem_max_rss": "226344960", "process_out_blocks": "0", "process_user_time": 1.913163}
[0m01:54:25.418249 [debug] [MainThread]: Command `dbt debug` failed at 01:54:25.418166 after 1.68 seconds
[0m01:54:25.418510 [debug] [MainThread]: Sending event: {'category': 'dbt', 'action': 'invocation', 'label': 'end', 'context': [<snowplow_tracker.self_describing_json.SelfDescribingJson object at 0x107967710>, <snowplow_tracker.self_describing_json.SelfDescribingJson object at 0x1079de810>, <snowplow_tracker.self_describing_json.SelfDescribingJson object at 0x10c1a6120>]}
[0m01:54:25.418767 [debug] [MainThread]: Flushing usage events
[0m01:54:26.475485 [debug] [MainThread]: An error was encountered while trying to flush usage events
[0m23:21:11.046683 [debug] [MainThread]: Sending event: {'category': 'dbt', 'action': 'invocation', 'label': 'start', 'context': [<snowplow_tracker.self_describing_json.SelfDescribingJson object at 0x11108bc20>, <snowplow_tracker.self_describing_json.SelfDescribingJson object at 0x111bfb410>, <snowplow_tracker.self_describing_json.SelfDescribingJson object at 0x111bfb1a0>]}


============================== 23:21:11.051272 | 80ce9733-cd89-463d-bff6-e1f5e54d3e9b ==============================
[0m23:21:11.051272 [info ] [MainThread]: Running with dbt=1.11.12
[0m23:21:11.051773 [debug] [MainThread]: running dbt with arguments {'warn_error_options': 'WarnErrorOptionsV2(error=[], warn=[], silence=[])', 'warn_error': 'None', 'introspect': 'True', 'use_colors': 'True', 'target_path': 'None', 'static_parser': 'True', 'use_experimental_parser': 'False', 'invocation_command': 'dbt debug --config-dir', 'printer_width': '80', 'write_json': 'True', 'indirect_selection': 'eager', 'debug': 'False', 'log_path': 'logs', 'profiles_dir': '/Users/kulasekaran/.dbt', 'send_anonymous_usage_stats': 'True', 'partial_parse': 'True', 'no_print': 'None', 'cache_selected_only': 'False', 'quiet': 'False', 'empty': 'None', 'fail_fast': 'False', 'version_check': 'True', 'log_cache_events': 'False', 'log_format': 'default'}
[0m23:21:11.066083 [info ] [MainThread]: To view your profiles.yml file, run:

open /Users/kulasekaran/.dbt
[0m23:21:11.068670 [debug] [MainThread]: Resource report: {"command_name": "debug", "command_success": true, "command_wall_clock_time": 0.08767742, "process_in_blocks": "0", "process_kernel_time": 0.198883, "process_mem_max_rss": "109264896", "process_out_blocks": "0", "process_user_time": 0.891019}
[0m23:21:11.069024 [debug] [MainThread]: Command `dbt debug` succeeded at 23:21:11.068955 after 0.09 seconds
[0m23:21:11.069265 [debug] [MainThread]: Sending event: {'category': 'dbt', 'action': 'invocation', 'label': 'end', 'context': [<snowplow_tracker.self_describing_json.SelfDescribingJson object at 0x1110ed940>, <snowplow_tracker.self_describing_json.SelfDescribingJson object at 0x111a4acc0>, <snowplow_tracker.self_describing_json.SelfDescribingJson object at 0x111caeae0>]}
[0m23:21:11.069498 [debug] [MainThread]: Flushing usage events
[0m23:21:12.023049 [debug] [MainThread]: An error was encountered while trying to flush usage events
[0m23:27:39.931298 [debug] [MainThread]: Sending event: {'category': 'dbt', 'action': 'invocation', 'label': 'start', 'context': [<snowplow_tracker.self_describing_json.SelfDescribingJson object at 0x11a74fec0>, <snowplow_tracker.self_describing_json.SelfDescribingJson object at 0x11c767290>, <snowplow_tracker.self_describing_json.SelfDescribingJson object at 0x11c767020>]}


============================== 23:27:39.935522 | aec51fcd-112c-48fd-ba70-3dca56422608 ==============================
[0m23:27:39.935522 [info ] [MainThread]: Running with dbt=1.11.12
[0m23:27:39.935949 [debug] [MainThread]: running dbt with arguments {'profiles_dir': '/Users/kulasekaran/.dbt', 'warn_error_options': 'WarnErrorOptionsV2(error=[], warn=[], silence=[])', 'cache_selected_only': 'False', 'use_colors': 'True', 'target_path': 'None', 'write_json': 'True', 'no_print': 'None', 'warn_error': 'None', 'log_cache_events': 'False', 'debug': 'False', 'quiet': 'False', 'introspect': 'True', 'empty': 'False', 'invocation_command': 'dbt run', 'static_parser': 'True', 'fail_fast': 'False', 'printer_width': '80', 'partial_parse': 'True', 'send_anonymous_usage_stats': 'True', 'indirect_selection': 'eager', 'log_format': 'default', 'use_experimental_parser': 'False', 'log_path': 'logs', 'version_check': 'True'}
[0m23:27:39.936347 [error] [MainThread]: Encountered an error:
Runtime Error
  No dbt_project.yml found at expected path /Users/kulasekaran/Desktop/Krish_Learn/DBT/dbt_project.yml
  Verify that each entry within packages.yml (and their transitive dependencies) contains a file named dbt_project.yml
  
[0m23:27:39.938930 [debug] [MainThread]: Resource report: {"command_name": "run", "command_success": false, "command_wall_clock_time": 0.061380044, "process_in_blocks": "0", "process_kernel_time": 0.179961, "process_mem_max_rss": "111214592", "process_out_blocks": "0", "process_user_time": 0.897556}
[0m23:27:39.939282 [debug] [MainThread]: Command `dbt run` failed at 23:27:39.939219 after 0.06 seconds
[0m23:27:39.939518 [debug] [MainThread]: Sending event: {'category': 'dbt', 'action': 'invocation', 'label': 'end', 'context': [<snowplow_tracker.self_describing_json.SelfDescribingJson object at 0x119ece000>, <snowplow_tracker.self_describing_json.SelfDescribingJson object at 0x11bda9ca0>, <snowplow_tracker.self_describing_json.SelfDescribingJson object at 0x11a74fec0>]}
[0m23:27:39.939732 [debug] [MainThread]: Flushing usage events
[0m23:27:41.144387 [debug] [MainThread]: An error was encountered while trying to flush usage events
